<?xml version="1.0" encoding="utf-8"?><testsuites name="pytest tests"><testsuite name="pytest" errors="0" failures="0" skipped="0" tests="13" time="22.480" timestamp="2026-04-19T12:39:29.736377+00:00" hostname="agent-env-05e8bd76-fa0e-40da-8565-24dcbb8437d1"><testcase classname="backend.tests.test_admin_activity_logs.TestAdminActivityEndpoint" name="test_admin_activity_returns_200_for_admin" time="0.404" /><testcase classname="backend.tests.test_admin_activity_logs.TestAdminActivityEndpoint" name="test_admin_activity_returns_403_for_non_admin" time="0.404" /><testcase classname="backend.tests.test_admin_activity_logs.TestAdminActivityEndpoint" name="test_filter_by_event_type_upload" time="0.047" /><testcase classname="backend.tests.test_admin_activity_logs.TestAdminActivityEndpoint" name="test_filter_by_event_type_process" time="0.047" /><testcase classname="backend.tests.test_admin_activity_logs.TestAdminActivityEndpoint" name="test_filter_by_event_type_download" time="0.045" /><testcase classname="backend.tests.test_admin_activity_logs.TestAdminActivityEndpoint" name="test_filter_by_user_email_case_insensitive" time="0.045" /><testcase classname="backend.tests.test_admin_activity_logs.TestAdminActivityEndpoint" name="test_pagination_limit_offset" time="0.091" /><testcase classname="backend.tests.test_admin_activity_logs.TestActivityLogInsertion" name="test_upload_creates_activity_log" time="1.811" /><testcase classname="backend.tests.test_admin_activity_logs.TestActivityLogInsertion" name="test_process_creates_activity_log_with_lufs" time="2.397" /><testcase classname="backend.tests.test_admin_activity_logs.TestActivityLogInsertion" name="test_download_creates_activity_log" time="5.116" /><testcase classname="backend.tests.test_admin_activity_logs.TestLufsMeasurementAccuracy" name="test_fire_preset_lufs_within_tolerance" time="5.261" /><testcase classname="backend.tests.test_admin_activity_logs.TestDownloadFormats" name="test_download_wav16_format" time="3.756" /><testcase classname="backend.tests.test_admin_activity_logs.TestDownloadFormats" name="test_download_flac_format" time="2.956" /></testsuite></testsuites>