<?xml version="1.0" encoding="utf-8"?><testsuites name="pytest tests"><testsuite name="pytest" errors="0" failures="0" skipped="0" tests="10" time="12.239" timestamp="2026-04-19T11:42:49.299049+00:00" hostname="agent-env-05e8bd76-fa0e-40da-8565-24dcbb8437d1"><testcase classname="backend.tests.test_iteration11.TestTierLimits" name="test_free_tier_limits" time="6.305" /><testcase classname="backend.tests.test_iteration11.TestTierLimits" name="test_pro_tier_limits" time="0.049" /><testcase classname="backend.tests.test_iteration11.TestTierLimits" name="test_studio_tier_limits" time="0.046" /><testcase classname="backend.tests.test_iteration11.TestAutoInputGain" name="test_upload_returns_auto_input_gain_db" time="1.149" /><testcase classname="backend.tests.test_iteration11.TestAutoInputGain" name="test_get_track_returns_auto_input_gain_db" time="0.932" /><testcase classname="backend.tests.test_iteration11.TestUploadValidation" name="test_free_tier_upload_short_track_succeeds" time="0.937" /><testcase classname="backend.tests.test_iteration11.TestUploadValidation" name="test_admin_bypasses_limits" time="1.018" /><testcase classname="backend.tests.test_iteration11.TestProcessWithInputGain" name="test_process_accepts_input_gain" time="1.604" /><testcase classname="backend.tests.test_iteration11.TestHealthAndBasics" name="test_health_endpoint" time="0.045" /><testcase classname="backend.tests.test_iteration11.TestHealthAndBasics" name="test_presets_endpoint" time="0.047" /></testsuite></testsuites>