<?xml version="1.0" encoding="utf-8"?><testsuites name="pytest tests"><testsuite name="pytest" errors="0" failures="0" skipped="0" tests="12" time="5.726" timestamp="2026-04-18T15:08:49.232403+00:00" hostname="agent-env-05e8bd76-fa0e-40da-8565-24dcbb8437d1"><testcase classname="backend.tests.test_iteration4.TestHealthAndPlans" name="test_api_health" time="0.184" /><testcase classname="backend.tests.test_iteration4.TestHealthAndPlans" name="test_plans_returns_dynamic_pricing" time="0.126" /><testcase classname="backend.tests.test_iteration4.TestStripeRemoved" name="test_stripe_checkout_removed" time="0.101" /><testcase classname="backend.tests.test_iteration4.TestStripeRemoved" name="test_stripe_webhook_removed" time="0.103" /><testcase classname="backend.tests.test_iteration4.TestPaymentStatus" name="test_payment_status_endpoint_exists" time="0.107" /><testcase classname="backend.tests.test_iteration4.TestAdminSettings" name="test_admin_get_settings_defaults" time="0.489" /><testcase classname="backend.tests.test_iteration4.TestAdminSettings" name="test_admin_put_draft_pricing" time="0.473" /><testcase classname="backend.tests.test_iteration4.TestAdminSettings" name="test_admin_put_draft_validation_price_clamp" time="0.440" /><testcase classname="backend.tests.test_iteration4.TestAdminSettings" name="test_admin_put_draft_validation_discount_clamp" time="0.461" /><testcase classname="backend.tests.test_iteration4.TestAdminApplyMerge" name="test_apply_merges_not_replaces" time="0.545" /><testcase classname="backend.tests.test_iteration4.TestPricingFlowEndToEnd" name="test_full_pricing_flow" time="1.907" /><testcase classname="backend.tests.test_iteration4.TestResetPricing" name="test_reset_to_defaults" time="0.721" /></testsuite></testsuites>