<?xml version="1.0" encoding="utf-8"?><testsuites name="pytest tests"><testsuite name="pytest" errors="0" failures="0" skipped="0" tests="11" time="12.677" timestamp="2026-04-18T15:41:15.602561+00:00" hostname="agent-env-05e8bd76-fa0e-40da-8565-24dcbb8437d1"><testcase classname="backend.tests.test_iteration5.TestHealthAndPlans" name="test_api_health" time="7.432" /><testcase classname="backend.tests.test_iteration5.TestHealthAndPlans" name="test_plans_pro_max_tracks_is_20" time="0.133" /><testcase classname="backend.tests.test_iteration5.TestHealthAndPlans" name="test_plans_pricing_defaults" time="0.116" /><testcase classname="backend.tests.test_iteration5.TestAdminTestReceipt" name="test_admin_test_receipt_without_auth_returns_401" time="0.117" /><testcase classname="backend.tests.test_iteration5.TestAdminTestReceipt" name="test_admin_test_receipt_with_non_admin_returns_403" time="0.492" /><testcase classname="backend.tests.test_iteration5.TestAdminTestReceipt" name="test_admin_test_receipt_with_admin_returns_ok" time="0.778" /><testcase classname="backend.tests.test_iteration5.TestPayPalFlow" name="test_paypal_config_endpoint" time="0.112" /><testcase classname="backend.tests.test_iteration5.TestPayPalFlow" name="test_paypal_create_order_pro_monthly" time="1.355" /><testcase classname="backend.tests.test_iteration5.TestAdminApplyMerge" name="test_admin_settings_returns_defaults" time="0.435" /><testcase classname="backend.tests.test_iteration5.TestAdminApplyMerge" name="test_admin_draft_accepts_pricing_and_duration" time="0.668" /><testcase classname="backend.tests.test_iteration5.TestAdminApplyMerge" name="test_admin_apply_merges_draft_into_applied" time="0.933" /></testsuite></testsuites>