<?xml version="1.0" encoding="utf-8"?><testsuites name="pytest tests"><testsuite name="pytest" errors="0" failures="0" skipped="0" tests="22" time="8.000" timestamp="2026-04-18T14:23:03.260210+00:00" hostname="agent-env-05e8bd76-fa0e-40da-8565-24dcbb8437d1"><testcase classname="tests.test_iteration3.TestPriceUpdates" name="test_plans_endpoint_returns_200" time="2.462" /><testcase classname="tests.test_iteration3.TestPriceUpdates" name="test_pro_monthly_price" time="0.073" /><testcase classname="tests.test_iteration3.TestPriceUpdates" name="test_pro_yearly_price" time="0.060" /><testcase classname="tests.test_iteration3.TestPriceUpdates" name="test_studio_monthly_price" time="0.054" /><testcase classname="tests.test_iteration3.TestPriceUpdates" name="test_studio_yearly_price" time="0.054" /><testcase classname="tests.test_iteration3.TestPayPalPrices" name="test_paypal_pro_monthly_amount" time="1.257" /><testcase classname="tests.test_iteration3.TestPayPalPrices" name="test_paypal_pro_yearly_amount" time="0.790" /><testcase classname="tests.test_iteration3.TestPayPalPrices" name="test_paypal_studio_monthly_amount" time="0.730" /><testcase classname="tests.test_iteration3.TestPayPalPrices" name="test_paypal_studio_yearly_amount" time="0.746" /><testcase classname="tests.test_iteration3.TestDownloadFormats" name="test_plans_returns_download_formats" time="0.051" /><testcase classname="tests.test_iteration3.TestDownloadFormats" name="test_six_download_formats" time="0.066" /><testcase classname="tests.test_iteration3.TestDownloadFormats" name="test_all_expected_formats_present" time="0.047" /><testcase classname="tests.test_iteration3.TestDownloadFormats" name="test_format_tier_gating" time="0.051" /><testcase classname="tests.test_iteration3.TestDownloadFormats" name="test_wav16_is_free" time="0.057" /><testcase classname="tests.test_iteration3.TestDownloadFormats" name="test_mp3_flac_wav24_are_pro" time="0.048" /><testcase classname="tests.test_iteration3.TestDownloadFormats" name="test_hires_formats_are_studio" time="0.052" /><testcase classname="tests.test_iteration3.TestResendEmailIntegration" name="test_stripe_status_endpoint_exists" time="0.055" /><testcase classname="tests.test_iteration3.TestResendEmailIntegration" name="test_paypal_capture_endpoint_exists" time="0.057" /><testcase classname="tests.test_iteration3.TestStripeCheckoutPrices" name="test_stripe_checkout_pro_monthly" time="0.608" /><testcase classname="tests.test_iteration3.TestStripeCheckoutPrices" name="test_stripe_checkout_studio_yearly" time="0.458" /><testcase classname="tests.test_iteration3.TestHealthCheck" name="test_api_root" time="0.057" /><testcase classname="tests.test_iteration3.TestHealthCheck" name="test_presets_endpoint" time="0.055" /></testsuite></testsuites>