<?xml version="1.0" encoding="utf-8"?><testsuites name="pytest tests"><testsuite name="pytest" errors="0" failures="0" skipped="0" tests="23" time="21.347" timestamp="2026-04-18T11:55:30.193357+00:00" hostname="agent-env-05e8bd76-fa0e-40da-8565-24dcbb8437d1"><testcase classname="backend.tests.test_paypal_integration.TestPayPalConfig" name="test_paypal_config_returns_client_id" time="7.326" /><testcase classname="backend.tests.test_paypal_integration.TestPayPalConfig" name="test_paypal_config_returns_sandbox_mode" time="0.047" /><testcase classname="backend.tests.test_paypal_integration.TestPayPalConfig" name="test_paypal_config_returns_usd_currency" time="0.044" /><testcase classname="backend.tests.test_paypal_integration.TestPayPalConfig" name="test_paypal_config_no_auth_required" time="0.125" /><testcase classname="backend.tests.test_paypal_integration.TestPayPalCreateOrder" name="test_create_order_pro_monthly" time="1.170" /><testcase classname="backend.tests.test_paypal_integration.TestPayPalCreateOrder" name="test_create_order_pro_yearly" time="0.768" /><testcase classname="backend.tests.test_paypal_integration.TestPayPalCreateOrder" name="test_create_order_studio_monthly" time="0.727" /><testcase classname="backend.tests.test_paypal_integration.TestPayPalCreateOrder" name="test_create_order_studio_yearly" time="0.929" /><testcase classname="backend.tests.test_paypal_integration.TestPayPalCreateOrder" name="test_create_order_invalid_plan" time="0.047" /><testcase classname="backend.tests.test_paypal_integration.TestPayPalCreateOrder" name="test_create_order_invalid_billing" time="0.048" /><testcase classname="backend.tests.test_paypal_integration.TestPayPalCreateOrder" name="test_create_order_requires_auth" time="0.124" /><testcase classname="backend.tests.test_paypal_integration.TestPayPalCreateOrder" name="test_create_order_accepts_discount_code_field" time="0.834" /><testcase classname="backend.tests.test_paypal_integration.TestPayPalPaymentStatus" name="test_status_for_paypal_order" time="0.998" /><testcase classname="backend.tests.test_paypal_integration.TestPayPalPaymentStatus" name="test_status_returns_db_stored_values" time="1.091" /><testcase classname="backend.tests.test_paypal_integration.TestPayPalPaymentStatus" name="test_status_nonexistent_order" time="0.048" /><testcase classname="backend.tests.test_paypal_integration.TestPayPalCaptureOrder" name="test_capture_unapproved_order_returns_502" time="1.631" /><testcase classname="backend.tests.test_paypal_integration.TestPayPalCaptureOrder" name="test_capture_nonexistent_order" time="0.046" /><testcase classname="backend.tests.test_paypal_integration.TestPayPalCaptureOrder" name="test_capture_requires_auth" time="0.114" /><testcase classname="backend.tests.test_paypal_integration.TestStripeStillWorks" name="test_stripe_checkout_pro" time="0.545" /><testcase classname="backend.tests.test_paypal_integration.TestStripeStillWorks" name="test_stripe_status_endpoint" time="0.774" /><testcase classname="backend.tests.test_paypal_integration.TestIdempotentTierUpgrade" name="test_capture_with_paid_status_upgrades_tier" time="1.279" /><testcase classname="backend.tests.test_paypal_integration.TestIdempotentTierUpgrade" name="test_capture_with_paid_status_upgrades_to_studio" time="1.342" /><testcase classname="backend.tests.test_paypal_integration.TestPaymentTransactionDB" name="test_create_order_inserts_transaction" time="1.195" /></testsuite></testsuites>