<?xml version="1.0" encoding="utf-8"?><testsuites name="pytest tests"><testsuite name="pytest" errors="0" failures="0" skipped="0" tests="30" time="11.181" timestamp="2026-04-18T03:32:54.618967+00:00" hostname="agent-env-05e8bd76-fa0e-40da-8565-24dcbb8437d1"><testcase classname="backend.tests.test_sonically_api.TestHealth" name="test_health_endpoint" time="0.130" /><testcase classname="backend.tests.test_sonically_api.TestPresets" name="test_list_presets_returns_8" time="0.045" /><testcase classname="backend.tests.test_sonically_api.TestPresets" name="test_presets_have_required_fields" time="0.043" /><testcase classname="backend.tests.test_sonically_api.TestPresets" name="test_preset_ids_are_correct" time="0.046" /><testcase classname="backend.tests.test_sonically_api.TestPlans" name="test_list_plans" time="0.045" /><testcase classname="backend.tests.test_sonically_api.TestPlans" name="test_plans_pricing_correct" time="0.042" /><testcase classname="backend.tests.test_sonically_api.TestPlans" name="test_tier_limits" time="0.042" /><testcase classname="backend.tests.test_sonically_api.TestAuth" name="test_signup_new_user" time="0.273" /><testcase classname="backend.tests.test_sonically_api.TestAuth" name="test_signup_duplicate_email_fails" time="0.043" /><testcase classname="backend.tests.test_sonically_api.TestAuth" name="test_login_success" time="0.282" /><testcase classname="backend.tests.test_sonically_api.TestAuth" name="test_login_invalid_password" time="0.264" /><testcase classname="backend.tests.test_sonically_api.TestAuth" name="test_login_invalid_email" time="0.043" /><testcase classname="backend.tests.test_sonically_api.TestAuth" name="test_auth_me_with_token" time="0.324" /><testcase classname="backend.tests.test_sonically_api.TestAuth" name="test_auth_me_without_token" time="0.108" /><testcase classname="backend.tests.test_sonically_api.TestAuth" name="test_logout" time="0.043" /><testcase classname="backend.tests.test_sonically_api.TestAccessControl" name="test_tracks_requires_auth" time="0.148" /><testcase classname="backend.tests.test_sonically_api.TestAccessControl" name="test_upload_requires_auth" time="0.142" /><testcase classname="backend.tests.test_sonically_api.TestTracks" name="test_upload_track" time="0.795" /><testcase classname="backend.tests.test_sonically_api.TestTracks" name="test_list_tracks" time="0.046" /><testcase classname="backend.tests.test_sonically_api.TestTracks" name="test_get_single_track" time="0.593" /><testcase classname="backend.tests.test_sonically_api.TestTracks" name="test_process_track_with_preset" time="1.329" /><testcase classname="backend.tests.test_sonically_api.TestTracks" name="test_process_invalid_preset" time="0.753" /><testcase classname="backend.tests.test_sonically_api.TestTracks" name="test_stream_original" time="1.004" /><testcase classname="backend.tests.test_sonically_api.TestTracks" name="test_stream_mastered" time="1.687" /><testcase classname="backend.tests.test_sonically_api.TestTracks" name="test_stream_mastered_not_processed" time="0.831" /><testcase classname="backend.tests.test_sonically_api.TestTracks" name="test_delete_track" time="0.650" /><testcase classname="backend.tests.test_sonically_api.TestPayments" name="test_checkout_pro_monthly" time="0.605" /><testcase classname="backend.tests.test_sonically_api.TestPayments" name="test_checkout_studio_yearly" time="0.529" /><testcase classname="backend.tests.test_sonically_api.TestPayments" name="test_checkout_invalid_plan" time="0.051" /><testcase classname="backend.tests.test_sonically_api.TestPayments" name="test_checkout_requires_auth" time="0.135" /></testsuite></testsuites>